c:\openframeworks\apps\myapps\carla\bin\carla.lib
c:\openframeworks\apps\myapps\carla\bin\carla.exp
c:\openframeworks\apps\myapps\carla\obj\release\main.obj
c:\openframeworks\apps\myapps\carla\obj\release\vc140.pdb
c:\openframeworks\apps\myapps\carla\obj\release\ofapp.obj
c:\openframeworks\apps\myapps\ofcarla\obj\release\ofxwmfvideoplayer.obj
c:\openframeworks\apps\myapps\ofcarla\obj\release\scheduler.obj
c:\openframeworks\apps\myapps\ofcarla\obj\release\helpers.obj
c:\openframeworks\apps\myapps\ofcarla\obj\release\presentengine.obj
c:\openframeworks\apps\myapps\ofcarla\obj\release\ofxwmfvideoplayerutils.obj
c:\openframeworks\apps\myapps\ofcarla\obj\release\main.obj
c:\openframeworks\apps\myapps\ofcarla\obj\release\presenter.obj
c:\openframeworks\apps\myapps\carla\bin\carla.exe
c:\openframeworks\apps\myapps\carla\obj\release\icon.res
c:\openframeworks\apps\myapps\ofcarla\obj\release\carla.vcxprojresolveassemblyreference.cache
c:\openframeworks\apps\myapps\ofcarla\obj\release\icon.res
c:\openframeworks\apps\myapps\ofcarla\obj\release\vc140.pdb
c:\openframeworks\apps\myapps\ofcarla\obj\release\carla.tlog\carla.write.1u.tlog
c:\openframeworks\apps\myapps\ofcarla\obj\release\carla.tlog\cl.command.1.tlog
c:\openframeworks\apps\myapps\ofcarla\obj\release\carla.tlog\cl.read.1.tlog
c:\openframeworks\apps\myapps\ofcarla\obj\release\carla.tlog\cl.write.1.tlog
c:\openframeworks\apps\myapps\ofcarla\obj\release\carla.tlog\link.command.1.tlog
c:\openframeworks\apps\myapps\ofcarla\obj\release\carla.tlog\link.read.1.tlog
c:\openframeworks\apps\myapps\ofcarla\obj\release\carla.tlog\link.write.1.tlog
c:\openframeworks\apps\myapps\ofcarla\obj\release\carla.tlog\rc.command.1.tlog
c:\openframeworks\apps\myapps\ofcarla\obj\release\carla.tlog\rc.read.1.tlog
c:\openframeworks\apps\myapps\ofcarla\obj\release\carla.tlog\rc.write.1.tlog
